c:\users\arun\pictures\153598u\153598u\common\debug\vc120.pdb
c:\users\arun\pictures\153598u\153598u\common\debug\vc120.idb
c:\users\arun\pictures\153598u\153598u\common\debug\matrixstack.obj
c:\users\arun\pictures\153598u\153598u\common\debug\mtx44.obj
c:\users\arun\pictures\153598u\153598u\common\debug\timer.obj
c:\users\arun\pictures\153598u\153598u\common\debug\vector3.obj
c:\users\arun\pictures\153598u\153598u_3\common\debug\vc120.pdb
c:\users\arun\pictures\153598u\153598u_3\common\debug\vc120.idb
c:\users\arun\pictures\153598u\153598u_3\common\debug\matrixstack.obj
c:\users\arun\pictures\153598u\153598u_3\common\debug\mtx44.obj
c:\users\arun\pictures\153598u\153598u_3\common\debug\timer.obj
c:\users\arun\pictures\153598u\153598u_3\common\debug\vector3.obj
c:\users\arun\pictures\153598u\153598u\debug\common.lib
c:\users\arun\pictures\153598u\153598u_3\debug\common.lib
c:\users\arun\pictures\153598u\153598u_3\common\debug\common.tlog\cl.command.1.tlog
c:\users\arun\pictures\153598u\153598u_3\common\debug\common.tlog\cl.read.1.tlog
c:\users\arun\pictures\153598u\153598u_3\common\debug\common.tlog\cl.write.1.tlog
c:\users\arun\pictures\153598u\153598u_3\common\debug\common.tlog\lib-link.read.1.tlog
c:\users\arun\pictures\153598u\153598u_3\common\debug\common.tlog\lib-link.write.1.tlog
c:\users\arun\pictures\153598u\153598u_3\common\debug\common.tlog\lib.command.1.tlog
