c:\users\arun\pictures\153598u\153598u_3\153598u\debug\vc120.pdb
c:\users\arun\pictures\153598u\153598u_3\153598u\debug\vc120.idb
c:\users\arun\pictures\153598u\153598u_3\153598u\debug\camera4.obj
c:\users\arun\pictures\153598u\153598u_3\153598u\debug\camera5.obj
c:\users\arun\pictures\153598u\153598u_3\153598u\debug\loadobj.obj
c:\users\arun\pictures\153598u\153598u_3\153598u\debug\loadtga.obj
c:\users\arun\pictures\153598u\153598u_3\153598u\debug\main.obj
c:\users\arun\pictures\153598u\153598u_3\153598u\debug\mesh.obj
c:\users\arun\pictures\153598u\153598u_3\153598u\debug\meshbuilder.obj
c:\users\arun\pictures\153598u\153598u_3\153598u\debug\scene1.obj
c:\users\arun\pictures\153598u\153598u_3\153598u\debug\scene2.obj
c:\users\arun\pictures\153598u\153598u_3\153598u\debug\scene3.obj
c:\users\arun\pictures\153598u\153598u_3\153598u\debug\scene4.obj
c:\users\arun\pictures\153598u\153598u_3\153598u\debug\scenelight.obj
c:\users\arun\pictures\153598u\153598u_3\153598u\debug\scenelight2.obj
c:\users\arun\pictures\153598u\153598u_3\153598u\debug\scenemodel.obj
c:\users\arun\pictures\153598u\153598u_3\153598u\debug\sceneskybox.obj
c:\users\arun\pictures\153598u\153598u_3\153598u\debug\scenetest.obj
c:\users\arun\pictures\153598u\153598u_3\153598u\debug\scenetext.obj
c:\users\arun\pictures\153598u\153598u_3\153598u\debug\scenetexture.obj
c:\users\arun\pictures\153598u\153598u_3\153598u\debug\shader.obj
c:\users\arun\pictures\153598u\153598u_3\153598u\debug\utility.obj
c:\users\arun\pictures\153598u\153598u_3\153598u\debug\application.obj
c:\users\arun\pictures\153598u\153598u_3\153598u\debug\assignment1.obj
c:\users\arun\pictures\153598u\153598u_3\153598u\debug\assignment2.obj
c:\users\arun\pictures\153598u\153598u_3\153598u\debug\assignment3.obj
c:\users\arun\pictures\153598u\153598u_3\153598u\debug\camera.obj
c:\users\arun\pictures\153598u\153598u_3\153598u\debug\camera2.obj
c:\users\arun\pictures\153598u\153598u_3\153598u\debug\camera3.obj
c:\users\arun\pictures\153598u\153598u_3\debug\153598u.ilk
c:\users\arun\pictures\153598u\153598u_3\debug\153598u.exe
c:\users\arun\pictures\153598u\153598u_3\debug\153598u.pdb
c:\users\arun\pictures\153598u\153598u_3\153598u\debug\153598u.tlog\cl.command.1.tlog
c:\users\arun\pictures\153598u\153598u_3\153598u\debug\153598u.tlog\cl.read.1.tlog
c:\users\arun\pictures\153598u\153598u_3\153598u\debug\153598u.tlog\cl.write.1.tlog
c:\users\arun\pictures\153598u\153598u_3\153598u\debug\153598u.tlog\link.command.1.tlog
c:\users\arun\pictures\153598u\153598u_3\153598u\debug\153598u.tlog\link.read.1.tlog
c:\users\arun\pictures\153598u\153598u_3\153598u\debug\153598u.tlog\link.write.1.tlog
