Build started 2/15/2016 5:58:08 PM.
     1>Project "C:\Users\n1507\Desktop\SP2.git\153598U\153598U.vcxproj" on node 2 (Build target(s)).
     1>ClCompile:
         D:\Program Files (x86)\Microsoft Visual Studio 12.0\VC\bin\CL.exe /c /IC:\Users\n1507\Desktop\SP2.git\\glew\include /IC:\Users\n1507\Desktop\SP2.git\\glfw\include /IC:\Users\n1507\Desktop\SP2.git\\Common\Source /ZI /nologo /W3 /WX- /Od /Oy- /D WIN32 /D _DEBUG /D _CONSOLE /D _LIB /D _UNICODE /D UNICODE /Gm /EHsc /RTC1 /MDd /GS /fp:precise /Zc:wchar_t /Zc:forScope /Fo"Debug\\" /Fd"Debug\vc120.pdb" /Gd /TP /analyze- /errorReport:prompt Source\SP2.cpp
         SP2.cpp
     1>c:\users\n1507\desktop\sp2.git\153598u\source\sp2.cpp(83): warning C4305: 'argument' : truncation from 'double' to 'float'
     1>c:\users\n1507\desktop\sp2.git\153598u\source\sp2.cpp(134): warning C4305: 'argument' : truncation from 'double' to 'float'
     1>c:\users\n1507\desktop\sp2.git\153598u\source\sp2.cpp(235): warning C4244: '+=' : conversion from 'double' to 'float', possible loss of data
     1>c:\users\n1507\desktop\sp2.git\153598u\source\sp2.cpp(264): warning C4244: '+=' : conversion from 'double' to 'float', possible loss of data
     1>c:\users\n1507\desktop\sp2.git\153598u\source\sp2.cpp(297): warning C4244: '-=' : conversion from 'double' to 'float', possible loss of data
     1>c:\users\n1507\desktop\sp2.git\153598u\source\sp2.cpp(331): warning C4244: '-=' : conversion from 'double' to 'float', possible loss of data
     1>c:\users\n1507\desktop\sp2.git\153598u\source\sp2.cpp(362): warning C4244: '-=' : conversion from 'double' to 'float', possible loss of data
     1>c:\users\n1507\desktop\sp2.git\153598u\source\sp2.cpp(394): warning C4244: '-=' : conversion from 'double' to 'float', possible loss of data
     1>c:\users\n1507\desktop\sp2.git\153598u\source\sp2.cpp(425): warning C4244: '+=' : conversion from 'double' to 'float', possible loss of data
     1>c:\users\n1507\desktop\sp2.git\153598u\source\sp2.cpp(457): warning C4244: '+=' : conversion from 'double' to 'float', possible loss of data
     1>c:\users\n1507\desktop\sp2.git\153598u\source\sp2.cpp(492): warning C4244: '+=' : conversion from 'double' to 'float', possible loss of data
     1>c:\users\n1507\desktop\sp2.git\153598u\source\sp2.cpp(499): warning C4244: 'initializing' : conversion from 'double' to 'float', possible loss of data
     1>c:\users\n1507\desktop\sp2.git\153598u\source\sp2.cpp(706): warning C4244: 'argument' : conversion from 'double' to 'float', possible loss of data
       Link:
         D:\Program Files (x86)\Microsoft Visual Studio 12.0\VC\bin\link.exe /ERRORREPORT:PROMPT /OUT:"C:\Users\n1507\Desktop\SP2.git\Debug\153598U.exe" /INCREMENTAL /NOLOGO /LIBPATH:C:\Users\n1507\Desktop\SP2.git\\glew\lib /LIBPATH:"C:\Users\n1507\Desktop\SP2.git\\glfw\lib-msvc120" /LIBPATH:C:\Users\n1507\Desktop\SP2.git\Debug glew32.lib glfw3.lib opengl32.lib winmm.lib Common.lib kernel32.lib user32.lib gdi32.lib winspool.lib comdlg32.lib advapi32.lib shell32.lib ole32.lib oleaut32.lib uuid.lib odbc32.lib odbccp32.lib /MANIFEST /MANIFESTUAC:"level='asInvoker' uiAccess='false'" /manifest:embed /DEBUG /PDB:"C:\Users\n1507\Desktop\SP2.git\Debug\153598U.pdb" /SUBSYSTEM:CONSOLE /TLBID:1 /DYNAMICBASE /NXCOMPAT /IMPLIB:"C:\Users\n1507\Desktop\SP2.git\Debug\153598U.lib" /MACHINE:X86 Debug\Application.obj
         Debug\SP2.obj
         Debug\Camera.obj
         Debug\Camera4.obj
         Debug\Camera5.obj
         Debug\LoadOBJ.obj
         Debug\LoadTGA.obj
         Debug\main.obj
         Debug\Mesh.obj
         Debug\MeshBuilder.obj
         Debug\shader.obj
         Debug\Utility.obj
         153598U.vcxproj -> C:\Users\n1507\Desktop\SP2.git\Debug\153598U.exe
     1>Done Building Project "C:\Users\n1507\Desktop\SP2.git\153598U\153598U.vcxproj" (Build target(s)).

Build succeeded.

Time Elapsed 00:00:00.96
